  MemoryManagement.cpp
c:\users\antonio\documents\visual studio 2015\projects\memorymanagement\memorymanagement\memorymanagement.cpp(14): error C2039: 'cout': is not a member of 'std'
  c:\users\antonio\documents\visual studio 2015\projects\memorymanagement\memorymanagement\predefined c++ types (compiler internal)(208): note: see declaration of 'std'
c:\users\antonio\documents\visual studio 2015\projects\memorymanagement\memorymanagement\memorymanagement.cpp(14): error C2065: 'cout': undeclared identifier
c:\users\antonio\documents\visual studio 2015\projects\memorymanagement\memorymanagement\memorymanagement.cpp(15): error C2039: 'cin': is not a member of 'std'
  c:\users\antonio\documents\visual studio 2015\projects\memorymanagement\memorymanagement\predefined c++ types (compiler internal)(208): note: see declaration of 'std'
c:\users\antonio\documents\visual studio 2015\projects\memorymanagement\memorymanagement\memorymanagement.cpp(15): error C2065: 'cin': undeclared identifier
c:\users\antonio\documents\visual studio 2015\projects\memorymanagement\memorymanagement\memorymanagement.cpp(19): error C2039: 'cout': is not a member of 'std'
  c:\users\antonio\documents\visual studio 2015\projects\memorymanagement\memorymanagement\predefined c++ types (compiler internal)(208): note: see declaration of 'std'
c:\users\antonio\documents\visual studio 2015\projects\memorymanagement\memorymanagement\memorymanagement.cpp(19): error C2065: 'cout': undeclared identifier
c:\users\antonio\documents\visual studio 2015\projects\memorymanagement\memorymanagement\memorymanagement.cpp(19): error C2039: 'endl': is not a member of 'std'
  c:\users\antonio\documents\visual studio 2015\projects\memorymanagement\memorymanagement\predefined c++ types (compiler internal)(208): note: see declaration of 'std'
c:\users\antonio\documents\visual studio 2015\projects\memorymanagement\memorymanagement\memorymanagement.cpp(19): error C2065: 'endl': undeclared identifier
c:\users\antonio\documents\visual studio 2015\projects\memorymanagement\memorymanagement\memorymanagement.cpp(22): error C2039: 'cout': is not a member of 'std'
  c:\users\antonio\documents\visual studio 2015\projects\memorymanagement\memorymanagement\predefined c++ types (compiler internal)(208): note: see declaration of 'std'
c:\users\antonio\documents\visual studio 2015\projects\memorymanagement\memorymanagement\memorymanagement.cpp(22): error C2065: 'cout': undeclared identifier
c:\users\antonio\documents\visual studio 2015\projects\memorymanagement\memorymanagement\memorymanagement.cpp(23): error C2039: 'cin': is not a member of 'std'
  c:\users\antonio\documents\visual studio 2015\projects\memorymanagement\memorymanagement\predefined c++ types (compiler internal)(208): note: see declaration of 'std'
c:\users\antonio\documents\visual studio 2015\projects\memorymanagement\memorymanagement\memorymanagement.cpp(23): error C2065: 'cin': undeclared identifier
c:\users\antonio\documents\visual studio 2015\projects\memorymanagement\memorymanagement\memorymanagement.cpp(31): error C2039: 'cout': is not a member of 'std'
  c:\users\antonio\documents\visual studio 2015\projects\memorymanagement\memorymanagement\predefined c++ types (compiler internal)(208): note: see declaration of 'std'
c:\users\antonio\documents\visual studio 2015\projects\memorymanagement\memorymanagement\memorymanagement.cpp(31): error C2065: 'cout': undeclared identifier
c:\users\antonio\documents\visual studio 2015\projects\memorymanagement\memorymanagement\memorymanagement.cpp(31): error C2039: 'endl': is not a member of 'std'
  c:\users\antonio\documents\visual studio 2015\projects\memorymanagement\memorymanagement\predefined c++ types (compiler internal)(208): note: see declaration of 'std'
c:\users\antonio\documents\visual studio 2015\projects\memorymanagement\memorymanagement\memorymanagement.cpp(31): error C2065: 'endl': undeclared identifier
c:\users\antonio\documents\visual studio 2015\projects\memorymanagement\memorymanagement\memorymanagement.cpp(33): error C2039: 'cout': is not a member of 'std'
  c:\users\antonio\documents\visual studio 2015\projects\memorymanagement\memorymanagement\predefined c++ types (compiler internal)(208): note: see declaration of 'std'
c:\users\antonio\documents\visual studio 2015\projects\memorymanagement\memorymanagement\memorymanagement.cpp(33): error C2065: 'cout': undeclared identifier
c:\users\antonio\documents\visual studio 2015\projects\memorymanagement\memorymanagement\memorymanagement.cpp(33): error C2039: 'endl': is not a member of 'std'
  c:\users\antonio\documents\visual studio 2015\projects\memorymanagement\memorymanagement\predefined c++ types (compiler internal)(208): note: see declaration of 'std'
c:\users\antonio\documents\visual studio 2015\projects\memorymanagement\memorymanagement\memorymanagement.cpp(33): error C2065: 'endl': undeclared identifier
c:\users\antonio\documents\visual studio 2015\projects\memorymanagement\memorymanagement\memorymanagement.cpp(41): error C2039: 'cin': is not a member of 'std'
  c:\users\antonio\documents\visual studio 2015\projects\memorymanagement\memorymanagement\predefined c++ types (compiler internal)(208): note: see declaration of 'std'
c:\users\antonio\documents\visual studio 2015\projects\memorymanagement\memorymanagement\memorymanagement.cpp(41): error C2065: 'cin': undeclared identifier
c:\users\antonio\documents\visual studio 2015\projects\memorymanagement\memorymanagement\memorymanagement.cpp(41): error C2228: left of '.get' must have class/struct/union
  c:\users\antonio\documents\visual studio 2015\projects\memorymanagement\memorymanagement\memorymanagement.cpp(41): note: type is 'unknown-type'
